{
  "stats": {
    "suites": 1,
    "tests": 7,
    "passes": 7,
    "pending": 0,
    "failures": 0,
    "start": "2023-09-24T23:25:32.876Z",
    "end": "2023-09-24T23:26:51.529Z",
    "duration": 78653,
    "testsRegistered": 7,
    "passPercent": 100,
    "pendingPercent": 0,
    "other": 0,
    "hasOther": false,
    "skipped": 0,
    "hasSkipped": false
  },
  "results": [
    {
      "uuid": "f6f63af7-7bc6-48b0-a884-3d9f45a70f8d",
      "title": "",
      "fullFile": "cypress\\e2e\\search.cy.js",
      "file": "cypress\\e2e\\search.cy.js",
      "beforeHooks": [],
      "afterHooks": [],
      "tests": [],
      "suites": [
        {
          "uuid": "63a8e1e5-2f71-4814-8f6b-f1231b03d07c",
          "title": "Kiwoko search page",
          "fullFile": "",
          "file": "",
          "beforeHooks": [],
          "afterHooks": [],
          "tests": [
            {
              "title": "Do a valid search",
              "fullTitle": "Kiwoko search page Do a valid search",
              "timedOut": null,
              "duration": 10894,
              "state": "passed",
              "speed": "slow",
              "pass": true,
              "fail": false,
              "pending": false,
              "context": null,
              "code": "buscar(keyword4);\ncy.get('.search-keywords').should(\"exist\");\nfor (var i = 0; i < length; i++) {\n  cy.get('[data-pos=' + i + '] > .product > .product-tile > .tile-body > .pdp-link > .link > .text-base').should(\"exist\");\n  cy.get('[data-pos=' + i + '] > .product > .product-tile > .tile-body > .pdp-link > .link > .text-base').should(\"contain.text\", keyword4, {\n    matchCase: false\n  });\n}",
              "err": {},
              "uuid": "85555ada-f31c-4a94-84b8-c4e86b304ed8",
              "parentUUID": "63a8e1e5-2f71-4814-8f6b-f1231b03d07c",
              "isHook": false,
              "skipped": false
            },
            {
              "title": "Do an invalid search",
              "fullTitle": "Kiwoko search page Do an invalid search",
              "timedOut": null,
              "duration": 7774,
              "state": "passed",
              "speed": "medium",
              "pass": true,
              "fail": false,
              "pending": false,
              "context": null,
              "code": "buscar(keyword3);\ncy.get('.result-count > .text-uppercase').should('include.text', 'No hemos encontrado lo que buscabas');\ncy.get('.search-keywords').should('include.text', keyword3);",
              "err": {},
              "uuid": "921c3ecd-a8d1-455d-bfb5-4cb463766a7b",
              "parentUUID": "63a8e1e5-2f71-4814-8f6b-f1231b03d07c",
              "isHook": false,
              "skipped": false
            },
            {
              "title": "Do a empty search",
              "fullTitle": "Kiwoko search page Do a empty search",
              "timedOut": null,
              "duration": 6739,
              "state": "passed",
              "speed": "medium",
              "pass": true,
              "fail": false,
              "pending": false,
              "context": null,
              "code": "buscar(keyword2);\ncy.get('.result-count >.text-uppercase').should('include.text', 'No hemos encontrado lo que buscabas');",
              "err": {},
              "uuid": "1898c06c-1b4f-4770-a43e-31a0cb681681",
              "parentUUID": "63a8e1e5-2f71-4814-8f6b-f1231b03d07c",
              "isHook": false,
              "skipped": false
            },
            {
              "title": "Valid a multiple pages response",
              "fullTitle": "Kiwoko search page Valid a multiple pages response",
              "timedOut": null,
              "duration": 12157,
              "state": "passed",
              "speed": "slow",
              "pass": true,
              "fail": false,
              "pending": false,
              "context": null,
              "code": "buscar(keyword);\ncy.get('.search-keywords').should(\"exist\");\ncy.wait(3000);\ncy.get('.show-more > .text-center > .btn').click();\ncy.get('[data-pos= 0] > .product > .product-tile > .tile-body > .pdp-link > .link > .text-base').should(\"include.text\", keyword, {\n  matchCase: false\n});\ncy.get('.show-more > .text-center > .btn').should('contain.text', '\\nMás Resultados\\n');",
              "err": {},
              "uuid": "68ae5d47-7ab8-43f8-94e6-2d96f2cda563",
              "parentUUID": "63a8e1e5-2f71-4814-8f6b-f1231b03d07c",
              "isHook": false,
              "skipped": false
            },
            {
              "title": "Filter the results by Brand",
              "fullTitle": "Kiwoko search page Filter the results by Brand",
              "timedOut": null,
              "duration": 12400,
              "state": "passed",
              "speed": "slow",
              "pass": true,
              "fail": false,
              "pending": false,
              "context": null,
              "code": "buscar(keyword);\ncy.get('.search-keywords').should(\"exist\");\ncy.get('.refinement-marcas > .card-header > .title').should('contain.text', 'Marcas').click();\ncy.get('#refinement-marcas > .values > :nth-child(1) > button > [aria-hidden=\"true\"]').should('contain.text', 'Catshion').click();\ncy.get('[data-pos=\"0\"] > .product > .product-tile > .tile-body > .pdp-brand > .product-brand').should('contain.text', 'Catshion');",
              "err": {},
              "uuid": "444f8adc-d316-4089-bb15-9aaf1bd63c24",
              "parentUUID": "63a8e1e5-2f71-4814-8f6b-f1231b03d07c",
              "isHook": false,
              "skipped": false
            },
            {
              "title": "Filter by category",
              "fullTitle": "Kiwoko search page Filter by category",
              "timedOut": null,
              "duration": 12237,
              "state": "passed",
              "speed": "slow",
              "pass": true,
              "fail": false,
              "pending": false,
              "context": null,
              "code": "buscar(keyword);\ncy.get('.refinement-categoría > .card-header > .title').should('contain.text', 'Categoría').click();\ncy.get('#refinement-categoría > .values > :nth-child(2) > button > [aria-hidden=\"true\"]').should('contain.text', 'Juguetes').click();",
              "err": {},
              "uuid": "3481a9d0-c8bd-4b6f-9592-94eb4b52d7af",
              "parentUUID": "63a8e1e5-2f71-4814-8f6b-f1231b03d07c",
              "isHook": false,
              "skipped": false
            },
            {
              "title": "Filter by species",
              "fullTitle": "Kiwoko search page Filter by species",
              "timedOut": null,
              "duration": 10575,
              "state": "passed",
              "speed": "slow",
              "pass": true,
              "fail": false,
              "pending": false,
              "context": null,
              "code": "buscar(keyword4);\ncy.get('.refinement-especie > .card-header > .title').should('contain.text', 'Especie').click();\ncy.get('#refinement-especie > .values > :nth-child(1) > button > [aria-hidden=\"true\"]').should('contain.text', 'Perro').click();\nfor (var i = 0; i < length; i++) {\n  cy.get('[data-pos=' + i + '] > .product > .product-tile > .tile-body > .pdp-link > .link > .text-base').should(\"exist\");\n  cy.get('[data-pos=' + i + '] > .product > .product-tile > .tile-body > .pdp-link > .link > .text-base').should(\"contain.text\", \"perro\");\n}",
              "err": {},
              "uuid": "0bb1ec8d-3b05-4e97-811a-8521580ebd6f",
              "parentUUID": "63a8e1e5-2f71-4814-8f6b-f1231b03d07c",
              "isHook": false,
              "skipped": false
            }
          ],
          "suites": [],
          "passes": [
            "85555ada-f31c-4a94-84b8-c4e86b304ed8",
            "921c3ecd-a8d1-455d-bfb5-4cb463766a7b",
            "1898c06c-1b4f-4770-a43e-31a0cb681681",
            "68ae5d47-7ab8-43f8-94e6-2d96f2cda563",
            "444f8adc-d316-4089-bb15-9aaf1bd63c24",
            "3481a9d0-c8bd-4b6f-9592-94eb4b52d7af",
            "0bb1ec8d-3b05-4e97-811a-8521580ebd6f"
          ],
          "failures": [],
          "pending": [],
          "skipped": [],
          "duration": 72776,
          "root": false,
          "rootEmpty": false,
          "_timeout": 2000
        }
      ],
      "passes": [],
      "failures": [],
      "pending": [],
      "skipped": [],
      "duration": 0,
      "root": true,
      "rootEmpty": true,
      "_timeout": 2000
    }
  ],
  "meta": {
    "mocha": {
      "version": "7.0.1"
    },
    "mochawesome": {
      "options": {
        "quiet": false,
        "reportFilename": "mochawesome",
        "saveHtml": true,
        "saveJson": true,
        "consoleReporter": "spec",
        "useInlineDiffs": false,
        "code": true
      },
      "version": "7.1.3"
    },
    "marge": {
      "options": null,
      "version": "6.2.0"
    }
  }
}